\BOOKMARK [0][]{anchor:title.0}{Meu Projeto}{}% 1
\BOOKMARK [0][]{anchor:abstract.0}{Resumo}{}% 2
\BOOKMARK [0][]{anchor:contents.0}{Sum\341rio}{}% 3
\BOOKMARK [0][]{chapter.1}{Introdu\357\277\275\357\277\275o}{}% 4
\BOOKMARK [0][]{chapter.2}{O sistema de Scripts}{}% 5
\BOOKMARK [1][]{section.2.1}{Lua}{chapter.2}% 6
\BOOKMARK [1][]{section.2.2}{Conceitos b\357\277\275sicos do sistema de Script}{chapter.2}% 7
\BOOKMARK [1][]{section.2.3}{Acesso e cria\357\277\275\357\277\275o de dados}{chapter.2}% 8
\BOOKMARK [1][]{section.2.4}{Vetores de dados de propriedades}{chapter.2}% 9
\BOOKMARK [0][]{chapter.3}{Calculadora de propriedades}{}% 10
\BOOKMARK [1][]{section.3.1}{Sintaxe das express\357\277\275es}{chapter.3}% 11
\BOOKMARK [1][]{section.3.2}{Implementa\357\277\275\357\277\275o}{chapter.3}% 12
\BOOKMARK [0][]{chapter.4}{Linguagens de Programa\357\277\275\357\277\275o Visual}{}% 13
\BOOKMARK [0][]{chapter.5}{In\357\277\275cio da implementa\357\277\275\357\277\275o de uma VPL}{}% 14
\BOOKMARK [0][]{chapter.6}{Considera\357\277\275\357\277\275es finais e projetos futuros}{}% 15
\BOOKMARK [0][]{chapter*.1}{Refer\352ncias Bibliogr\341ficas}{}% 16
\BOOKMARK [0][]{appendix.A}{Exemplos pr\357\277\275ticos}{}% 17
\BOOKMARK [1][]{section.A.1}{C\357\277\275lculo da raz\357\277\275o gas-oleo \(RGO\)}{appendix.A}% 18
\BOOKMARK [1][]{section.A.2}{C\357\277\275lculo sedimentos b\357\277\275sicos e \357\277\275gua \(BSW\)}{appendix.A}% 19
\BOOKMARK [1][]{section.A.3}{C\357\277\275lculo do volume de \357\277\275leo em condi\357\277\275\357\277\275es de reservat\357\277\275rio}{appendix.A}% 20
