This is pdfTeX, Version 3.1415926-2.3-1.40.12 (MiKTeX 2.9 64-bit) (preloaded format=pdflatex 2012.11.6)  7 NOV 2012 00:13
entering extended mode
**thesispucLeo.tex
(C:\Users\Leonardo\Documents\GitRepository\thesispucLeo.tex
LaTeX2e <2011/06/27>
Babel <v3.8m> and hyphenation patterns for english, afrikaans, ancientgreek, ar
abic, armenian, assamese, basque, bengali, bokmal, bulgarian, catalan, coptic, 
croatian, czech, danish, dutch, esperanto, estonian, farsi, finnish, french, ga
lician, german, german-x-2009-06-19, greek, gujarati, hindi, hungarian, iceland
ic, indonesian, interlingua, irish, italian, kannada, kurmanji, lao, latin, lat
vian, lithuanian, malayalam, marathi, mongolian, mongolianlmc, monogreek, ngerm
an, ngerman-x-2009-06-19, nynorsk, oriya, panjabi, pinyin, polish, portuguese, 
romanian, russian, sanskrit, serbian, slovak, slovenian, spanish, swedish, swis
sgerman, tamil, telugu, turkish, turkmen, ukenglish, ukrainian, uppersorbian, u
senglishmax, welsh, loaded.
(C:\Users\Leonardo\Documents\GitRepository\ThesisPUC.cls
Document Class: ThesisPUC 2005/06/10 v3.0 PUC thesis class (portuguese)
("C:\Program Files\MiKTeX 2.9\tex\latex\base\ifthen.sty"
Package: ifthen 2001/05/26 v1.1c Standard LaTeX ifthen package (DPC)
)
("C:\Program Files\MiKTeX 2.9\tex\generic\babel\babel.sty"
Package: babel 2008/07/08 v3.8m The Babel package

*************************************
* Local config file bblopts.cfg used
*
("C:\Program Files\MiKTeX 2.9\tex\latex\00miktex\bblopts.cfg"
File: bblopts.cfg 2006/07/31 v1.0 MiKTeX 'babel' configuration
)
("C:\Program Files\MiKTeX 2.9\tex\generic\babel\portuges.ldf"
Language: portuges 2008/03/18 v1.2q Portuguese support from the babel system

("C:\Program Files\MiKTeX 2.9\tex\generic\babel\babel.def"
File: babel.def 2008/07/08 v3.8m Babel common definitions
\babel@savecnt=\count79
\U@D=\dimen102
)
\l@brazil = a dialect from \language\l@portuges 
Package babel Info: Making " an active character on input line 145.
)
("C:\Program Files\MiKTeX 2.9\tex\generic\babel\english.ldf"
Language: english 2005/03/30 v3.3o English support from the babel system
\l@canadian = a dialect from \language\l@american 
\l@australian = a dialect from \language\l@british 
\l@newzealand = a dialect from \language\l@british 
))
("C:\Program Files\MiKTeX 2.9\tex\latex\base\report.cls"
Document Class: report 2007/10/19 v1.4h Standard LaTeX document class
("C:\Program Files\MiKTeX 2.9\tex\latex\base\size12.clo"
File: size12.clo 2007/10/19 v1.4h Standard LaTeX file (size option)
)
\c@part=\count80
\c@chapter=\count81
\c@section=\count82
\c@subsection=\count83
\c@subsubsection=\count84
\c@paragraph=\count85
\c@subparagraph=\count86
\c@figure=\count87
\c@table=\count88
\abovecaptionskip=\skip41
\belowcaptionskip=\skip42
\bibindent=\dimen103
)
("C:\Program Files\MiKTeX 2.9\tex\latex\amsfonts\amsfonts.sty"
Package: amsfonts 2009/06/22 v3.00 Basic AMSFonts support
\@emptytoks=\toks14
\symAMSa=\mathgroup4
\symAMSb=\mathgroup5
LaTeX Font Info:    Overwriting math alphabet `\mathfrak' in version `bold'
(Font)                  U/euf/m/n --> U/euf/b/n on input line 96.
)
(C:\Users\Leonardo\Documents\GitRepository\inputenc.sty
Package: inputenc 2001/07/10 v0.99a Input encoding file 

("C:\Program Files\MiKTeX 2.9\tex\latex\base\latin1.def"
File: latin1.def 2008/03/30 v1.1d Input encoding file
))
("C:\Program Files\MiKTeX 2.9\tex\latex\graphics\graphicx.sty"
Package: graphicx 1999/02/16 v1.0f Enhanced LaTeX Graphics (DPC,SPQR)

(C:\Users\Leonardo\Documents\GitRepository\keyval.sty
Package: keyval 1999/03/16 v1.13 key=value parser (DPC)
\KV@toks@=\toks15
)
("C:\Program Files\MiKTeX 2.9\tex\latex\graphics\graphics.sty"
Package: graphics 2009/02/05 v1.0o Standard LaTeX Graphics (DPC,SPQR)

("C:\Program Files\MiKTeX 2.9\tex\latex\graphics\trig.sty"
Package: trig 1999/03/16 v1.09 sin cos tan (DPC)
)
("C:\Program Files\MiKTeX 2.9\tex\latex\00miktex\graphics.cfg"
File: graphics.cfg 2007/01/18 v1.5 graphics configuration of teTeX/TeXLive
)
Package graphics Info: Driver file: dvipdfm.def on input line 91.

("C:\Program Files\MiKTeX 2.9\tex\latex\00miktex\dvipdfm.def"
File: dvipdfm.def 1999/9/6 vx.x Driver-dependant file
))
\Gin@req@height=\dimen104
\Gin@req@width=\dimen105
)
(C:\Users\Leonardo\Documents\GitRepository\subfigure.sty
Package: subfigure 2002/04/17 v2.1.3 subfigure package
\subfigtopskip=\skip43
\subfigcapskip=\skip44
\subfigcaptopadj=\dimen106
\subfigbottomskip=\skip45
\subfigcapmargin=\dimen107
\subfiglabelskip=\skip46
\c@subfigure=\count89
\c@lofdepth=\count90
\c@subtable=\count91
\c@lotdepth=\count92

****************************************
* Local config file subfigure.cfg used *
****************************************
("C:\Program Files\MiKTeX 2.9\tex\latex\subfigure\subfigure.cfg")
\subfig@top=\skip47
\subfig@bottom=\skip48
)
(C:\Users\Leonardo\Documents\GitRepository\titlesec.sty
Package: titlesec 2002/04/07 v2.5 Sectioning titles
\ttl@box=\box26
\beforetitleunit=\skip49
\aftertitleunit=\skip50
\ttl@plus=\dimen108
\ttl@minus=\dimen109
\titlewidth=\dimen110
\titlewidthlast=\dimen111
\titlewidthfirst=\dimen112
)
(C:\Users\Leonardo\Documents\GitRepository\tocloft.sty
Package: tocloft 2002/06/15 v2.3 parameterised ToC, etc., typesetting


Package tocloft Note: The document has chapter divisions.

\cftparskip=\skip51
\cftbeforetoctitleskip=\skip52
\cftaftertoctitleskip=\skip53
\cftbeforepartskip=\skip54
\cftpartnumwidth=\skip55
\cftpartindent=\skip56
\cftbeforechapskip=\skip57
\cftchapindent=\skip58
\cftchapnumwidth=\skip59
\cftbeforesecskip=\skip60
\cftsecindent=\skip61
\cftsecnumwidth=\skip62
\cftbeforesubsecskip=\skip63
\cftsubsecindent=\skip64
\cftsubsecnumwidth=\skip65
\cftbeforesubsubsecskip=\skip66
\cftsubsubsecindent=\skip67
\cftsubsubsecnumwidth=\skip68
\cftbeforeparaskip=\skip69
\cftparaindent=\skip70
\cftparanumwidth=\skip71
\cftbeforesubparaskip=\skip72
\cftsubparaindent=\skip73
\cftsubparanumwidth=\skip74
\cftbeforeloftitleskip=\skip75
\cftafterloftitleskip=\skip76
\cftbeforefigskip=\skip77
\cftfigindent=\skip78
\cftfignumwidth=\skip79
\cftbeforelottitleskip=\skip80
\cftafterlottitleskip=\skip81
\cftbeforetabskip=\skip82
\cfttabindent=\skip83
\cfttabnumwidth=\skip84
\cftbeforesubfigskip=\skip85
\cftsubfigindent=\skip86
\cftsubfignumwidth=\skip87
\cftbeforesubtabskip=\skip88
\cftsubtabindent=\skip89
\cftsubtabnumwidth=\skip90
) (C:\Users\Leonardo\Documents\GitRepository\chngpage.sty
Package: chngpage 2003/08/10 v1.2 change page layout
\c@cp@cnt=\count93
\c@cp@tempcnt=\count94
)
(C:\Users\Leonardo\Documents\GitRepository\setspace.sty
Package: setspace 2000/12/01 6.7 Contributed and Supported LaTeX2e package

Package: `setspace' 6.7 <2000/12/01>
) (C:\Users\Leonardo\Documents\GitRepository\fancyhdr.sty
\headwidth=\dimen113
)
(C:\Users\Leonardo\Documents\GitRepository\atbeginend.sty)
(C:\Users\Leonardo\Documents\GitRepository\indentfirst.sty
Package: indentfirst 1995/11/23 v1.03 Indent first paragraph (DPC)
)
("C:\Program Files\MiKTeX 2.9\tex\latex\lastpage\lastpage.sty"
Package: lastpage 2011/09/01 v1.2k Refers to last page's name (HMM; JPG)
)
("C:\Program Files\MiKTeX 2.9\tex\latex\hyperref\hyperref.sty"
Package: hyperref 2012/05/13 v6.82q Hypertext links for LaTeX

("C:\Program Files\MiKTeX 2.9\tex\generic\oberdiek\hobsub-hyperref.sty"
Package: hobsub-hyperref 2012/04/25 v1.12 Bundle oberdiek, subset hyperref (HO)


("C:\Program Files\MiKTeX 2.9\tex\generic\oberdiek\hobsub-generic.sty"
Package: hobsub-generic 2012/04/25 v1.12 Bundle oberdiek, subset generic (HO)
Package: hobsub 2012/04/25 v1.12 Construct package bundles (HO)
Package: infwarerr 2010/04/08 v1.3 Providing info/warning/error messages (HO)
Package: ltxcmds 2011/11/09 v1.22 LaTeX kernel commands for general use (HO)
Package: ifluatex 2010/03/01 v1.3 Provides the ifluatex switch (HO)
Package ifluatex Info: LuaTeX not detected.
Package: ifvtex 2010/03/01 v1.5 Detect VTeX and its facilities (HO)
Package ifvtex Info: VTeX not detected.
Package: intcalc 2007/09/27 v1.1 Expandable calculations with integers (HO)
Package: ifpdf 2011/01/30 v2.3 Provides the ifpdf switch (HO)
Package ifpdf Info: pdfTeX in PDF mode is detected.
Package: etexcmds 2011/02/16 v1.5 Avoid name clashes with e-TeX commands (HO)
Package etexcmds Info: Could not find \expanded.
(etexcmds)             That can mean that you are not using pdfTeX 1.50 or
(etexcmds)             that some package has redefined \expanded.
(etexcmds)             In the latter case, load this package earlier.
Package: kvsetkeys 2012/04/25 v1.16 Key value parser (HO)
Package: kvdefinekeys 2011/04/07 v1.3 Define keys (HO)
Package: pdftexcmds 2011/11/29 v0.20 Utility functions of pdfTeX for LuaTeX (HO
)
Package pdftexcmds Info: LuaTeX not detected.
Package pdftexcmds Info: \pdf@primitive is available.
Package pdftexcmds Info: \pdf@ifprimitive is available.
Package pdftexcmds Info: \pdfdraftmode found.
Package: pdfescape 2011/11/25 v1.13 Implements pdfTeX's escape features (HO)
Package: bigintcalc 2012/04/08 v1.3 Expandable calculations on big integers (HO
)
Package: bitset 2011/01/30 v1.1 Handle bit-vector datatype (HO)
Package: uniquecounter 2011/01/30 v1.2 Provide unlimited unique counter (HO)
)
Package hobsub Info: Skipping package `hobsub' (already loaded).
Package: letltxmacro 2010/09/02 v1.4 Let assignment for LaTeX macros (HO)
Package: hopatch 2011/06/24 v1.1 Wrapper for package hooks (HO)
Package: xcolor-patch 2011/01/30 xcolor patch
Package: atveryend 2011/06/30 v1.8 Hooks at the very end of document (HO)
Package atveryend Info: \enddocument detected (standard20110627).
Package: atbegshi 2011/10/05 v1.16 At begin shipout hook (HO)
Package: refcount 2011/10/16 v3.4 Data extraction from label references (HO)
Package: hycolor 2011/01/30 v1.7 Color options for hyperref/bookmark (HO)
)
("C:\Program Files\MiKTeX 2.9\tex\generic\ifxetex\ifxetex.sty"
Package: ifxetex 2010/09/12 v0.6 Provides ifxetex conditional
)
("C:\Program Files\MiKTeX 2.9\tex\latex\oberdiek\kvoptions.sty"
Package: kvoptions 2011/06/30 v3.11 Key value format for package options (HO)
)
\@linkdim=\dimen114
\Hy@linkcounter=\count95
\Hy@pagecounter=\count96

("C:\Program Files\MiKTeX 2.9\tex\latex\hyperref\pd1enc.def"
File: pd1enc.def 2012/05/13 v6.82q Hyperref: PDFDocEncoding definition (HO)
)
\Hy@SavedSpaceFactor=\count97

("C:\Program Files\MiKTeX 2.9\tex\latex\00miktex\hyperref.cfg"
File: hyperref.cfg 2002/06/06 v1.2 hyperref configuration of TeXLive
)

! Package hyperref Error: Wrong DVI mode driver option `dvipdfm',
(hyperref)                because pdfTeX or LuaTeX is running in PDF mode.

See the hyperref package documentation for explanation.
Type  H <return>  for immediate help.
 ...                                              
                                                  
l.3941 \ProcessKeyvalOptions{Hyp}
                                 
? return
OK, entering \nonstopmode...
Package hyperref Info: Option `colorlinks' set `false' on input line 3941.
Package hyperref Info: Option `bookmarksopen' set `true' on input line 3941.
Package hyperref Info: Option `breaklinks' set `true' on input line 3941.
Package hyperref Info: Hyper figures OFF on input line 4062.
Package hyperref Info: Link nesting OFF on input line 4067.
Package hyperref Info: Hyper index ON on input line 4070.
Package hyperref Info: Plain pages OFF on input line 4077.
Package hyperref Info: Backreferencing ON on input line 4080.
Package hyperref Info: Implicit mode ON; LaTeX internals redefined.
Package hyperref Info: Bookmarks ON on input line 4300.
("C:\Program Files\MiKTeX 2.9\tex\latex\hyperref\backref.sty"
Package: backref 2010/08/30 v1.36 Bibliographical back referencing

("C:\Program Files\MiKTeX 2.9\tex\latex\oberdiek\rerunfilecheck.sty"
Package: rerunfilecheck 2011/04/15 v1.7 Rerun checks for auxiliary files (HO)
Package uniquecounter Info: New unique counter `rerunfilecheck' on input line 2
82.
))
\c@Hy@tempcnt=\count98

("C:\Program Files\MiKTeX 2.9\tex\latex\ltxmisc\url.sty"
\Urlmuskip=\muskip10
Package: url 2006/04/12  ver 3.3  Verb mode for urls, etc.
)
LaTeX Info: Redefining \url on input line 4653.
\Fld@menulength=\count99
\Field@Width=\dimen115
\Fld@charsize=\dimen116
Package hyperref Info: Hyper figures OFF on input line 5773.
Package hyperref Info: Link nesting OFF on input line 5778.
Package hyperref Info: Hyper index ON on input line 5781.
Package hyperref Info: backreferencing ON on input line 5786.
Package hyperref Info: Link coloring OFF on input line 5793.
Package hyperref Info: Link coloring with OCG OFF on input line 5798.
Package hyperref Info: PDF/A mode OFF on input line 5803.
LaTeX Info: Redefining \ref on input line 5843.
LaTeX Info: Redefining \pageref on input line 5847.
\Hy@abspage=\count100
\c@Item=\count101
\c@Hfootnote=\count102
)

Package hyperref Message: Driver (autodetected): hpdftex.

("C:\Program Files\MiKTeX 2.9\tex\latex\hyperref\hpdftex.def"
File: hpdftex.def 2012/05/13 v6.82q Hyperref driver for pdfTeX
\Fld@listcount=\count103
\c@bookmark@seq@number=\count104
\Hy@SectionHShift=\skip91
)
\puc@topmargin@text=\skip92
\puc@bottommargin@text=\skip93
\puc@leftmargin@text=\skip94
\puc@rightmargin@text=\skip95
\puc@textwidth@text=\skip96
\puc@oddsidemargin@text=\skip97
\puc@evensidemargin@text=\skip98
\puc@textheight@text=\skip99
\puc@headsep@text=\skip100
\puc@topmargin@cover=\skip101
\puc@bottommargin@cover=\skip102
\puc@leftmargin@cover=\skip103
\puc@rightmargin@cover=\skip104
\puc@textwidth@cover=\skip105
\puc@oddsidemargin@cover=\skip106
\puc@evensidemargin@cover=\skip107
\puc@textheight@cover=\skip108
\puc@headsep@cover=\skip109
\puc@topmargin@front=\skip110
\puc@bottommargin@front=\skip111
\puc@leftmargin@front=\skip112
\puc@rightmargin@front=\skip113
\puc@textwidth@front=\skip114
\puc@oddsidemargin@front=\skip115
\puc@evensidemargin@front=\skip116
\puc@textheight@front=\skip117
\puc@headsep@front=\skip118
\puc@topmargin@dedication=\skip119
\puc@bottommargin@dedication=\skip120
\puc@leftmargin@dedication=\skip121
\puc@rightmargin@dedication=\skip122
\puc@textwidth@dedication=\skip123
\puc@oddsidemargin@dedication=\skip124
\puc@evensidemargin@dedication=\skip125
\puc@textheight@dedication=\skip126
\puc@headsep@dedication=\skip127

(C:\Users\Leonardo\Documents\GitRepository\ttlkeys.def
File: ttlkeys.def 2002/03/27
)
\c@definition=\count105
)
(C:\Users\Leonardo\Documents\GitRepository\thesispucLeo.aux)
LaTeX Font Info:    Checking defaults for OML/cmm/m/it on input line 110.
LaTeX Font Info:    ... okay on input line 110.
LaTeX Font Info:    Checking defaults for T1/cmr/m/n on input line 110.
LaTeX Font Info:    ... okay on input line 110.
LaTeX Font Info:    Checking defaults for OT1/cmr/m/n on input line 110.
LaTeX Font Info:    ... okay on input line 110.
LaTeX Font Info:    Checking defaults for OMS/cmsy/m/n on input line 110.
LaTeX Font Info:    ... okay on input line 110.
LaTeX Font Info:    Checking defaults for OMX/cmex/m/n on input line 110.
LaTeX Font Info:    ... okay on input line 110.
LaTeX Font Info:    Checking defaults for U/cmr/m/n on input line 110.
LaTeX Font Info:    ... okay on input line 110.
LaTeX Font Info:    Checking defaults for PD1/pdf/m/n on input line 110.
LaTeX Font Info:    ... okay on input line 110.
Package lastpage Info: Please have a look at the pageslts package at
(lastpage)             http://www.ctan.org/tex-archive/ 
(lastpage)             macros/latex/contrib/pageslts/ 
(lastpage)             or
(lastpage)             http://www.ctan.org/tex-archive/ 
(lastpage)             install/macros/latex/contrib/pageslts.tds.zip
(lastpage)             ! on input line 110.
\AtBeginShipoutBox=\box27
Package hyperref Info: Link coloring OFF on input line 110.

(C:\Users\Leonardo\Documents\GitRepository\nameref.sty
Package: nameref 2001/01/27 v2.19 Cross-referencing by name of section
\c@section@level=\count106
)
LaTeX Info: Redefining \ref on input line 110.
LaTeX Info: Redefining \pageref on input line 110.
LaTeX Info: Redefining \nameref on input line 110.

(C:\Users\Leonardo\Documents\GitRepository\thesispucLeo.out)
(C:\Users\Leonardo\Documents\GitRepository\thesispucLeo.out)
\@outlinefile=\write3


LaTeX Warning: File `puc.ps' not found on input line 110.


! LaTeX Error: File `puc.ps' not found.

See the LaTeX manual or LaTeX Companion for explanation.
Type  H <return>  for immediate help.
 ...                                              
                                                  
l.110 \begin{document}
                      
Try typing  <return>  to proceed.
If that doesn't work, type  X <return>  to quit.


! LaTeX Error: Cannot determine size of graphic in puc.ps (no BoundingBox).

See the LaTeX manual or LaTeX Companion for explanation.
Type  H <return>  for immediate help.
 ...                                              
                                                  
l.110 \begin{document}
                      
Try typing  <return>  to proceed.
If that doesn't work, type  X <return>  to quit.

File: puc.ps Graphic file (type eps)
<puc.ps>
LaTeX Font Info:    Try loading font information for U+msa on input line 110.
 ("C:\Program Files\MiKTeX 2.9\tex\latex\amsfonts\umsa.fd"
File: umsa.fd 2009/06/22 v3.00 AMS symbols A
)
LaTeX Font Info:    Try loading font information for U+msb on input line 110.

("C:\Program Files\MiKTeX 2.9\tex\latex\amsfonts\umsb.fd"
File: umsb.fd 2009/06/22 v3.00 AMS symbols B
) [1


Non-PDF special ignored!
Non-PDF special ignored!{C:/ProgramData/MiKTeX/2.9/pdftex/config/pdftex.map}]

LaTeX Warning: File `puc.ps' not found on input line 110.


! LaTeX Error: File `puc.ps' not found.

See the LaTeX manual or LaTeX Companion for explanation.
Type  H <return>  for immediate help.
 ...                                              
                                                  
l.110 \begin{document}
                      
Try typing  <return>  to proceed.
If that doesn't work, type  X <return>  to quit.


! LaTeX Error: Cannot determine size of graphic in puc.ps (no BoundingBox).

See the LaTeX manual or LaTeX Companion for explanation.
Type  H <return>  for immediate help.
 ...                                              
                                                  
l.110 \begin{document}
                      
Try typing  <return>  to proceed.
If that doesn't work, type  X <return>  to quit.

File: puc.ps Graphic file (type eps)
<puc.ps> [2


Non-PDF special ignored!]
\c@keycount=\count107

Underfull \hbox (badness 3229) in paragraph at lines 110--110
[]| \OT1/cmss/m/n/12 1. In-formatica -- Tese. 2. Lin-guagem visual, Pro-
 []


Package hyperref Warning: Ignoring empty anchor on input line 110.

! Undefined control sequence.
\puc@showfrontmatter ...{}\puc@showacknowledgment 
                                                  \puc@showabstract \puc@sho...
l.110 \begin{document}
                      
The control sequence at the end of the top line
of your error message was never \def'ed. If you have
misspelled it (e.g., `\hobx'), type `I' and the correct
spelling (e.g., `I\hbox'). Otherwise just continue,
and I'll forget about whatever was undefined.

[3

] [4

] [5

] (C:\Users\Leonardo\Documents\GitRepository\thesispucLeo.toc)
\tf@toc=\write4

[6

] (C:\Users\Leonardo\Documents\GitRepository\thesispucLeo.lof)
\tf@lof=\write5
 [7

]
(C:\Users\Leonardo\Documents\GitRepository\thesispucLeo.lot)
\tf@lot=\write6
 [8

]
Cap\'{\i }tulo 1.
(C:\Users\Leonardo\Documents\GitRepository\noaccent.def
File: noaccent.def 2003/11/25 v0.1 Input encoding file 
)

LaTeX Warning: Citation `Tecg06' on page 9 undefined on input line 123.


LaTeX Warning: Citation `Ieru03' on page 9 undefined on input line 129.

[9

] [10]
Cap\'{\i }tulo 2.
(C:\Users\Leonardo\Documents\GitRepository\noaccent.def
File: noaccent.def 2003/11/25 v0.1 Input encoding file 
)
(C:\Users\Leonardo\Documents\GitRepository\noaccent.def
File: noaccent.def 2003/11/25 v0.1 Input encoding file 
)

LaTeX Warning: Citation `Lua' on page 11 undefined on input line 190.


LaTeX Warning: Citation `Ieru03' on page 11 undefined on input line 202.

[11

] (C:\Users\Leonardo\Documents\GitRepository\noaccent.def
File: noaccent.def 2003/11/25 v0.1 Input encoding file 
) [12]
(C:\Users\Leonardo\Documents\GitRepository\noaccent.def
File: noaccent.def 2003/11/25 v0.1 Input encoding file 
) [13]
(C:\Users\Leonardo\Documents\GitRepository\noaccent.def
File: noaccent.def 2003/11/25 v0.1 Input encoding file 
)

LaTeX Warning: Citation `Tecg06' on page 14 undefined on input line 344.

[14] [15]
Cap\'{\i }tulo 3.
(C:\Users\Leonardo\Documents\GitRepository\noaccent.def
File: noaccent.def 2003/11/25 v0.1 Input encoding file 
)
(C:\Users\Leonardo\Documents\GitRepository\noaccent.def
File: noaccent.def 2003/11/25 v0.1 Input encoding file 
) [16

]
(C:\Users\Leonardo\Documents\GitRepository\noaccent.def
File: noaccent.def 2003/11/25 v0.1 Input encoding file 
)

LaTeX Warning: Citation `IUP' on page 17 undefined on input line 399.

(C:\Users\Leonardo\Documents\GitRepository\noaccent.def
File: noaccent.def 2003/11/25 v0.1 Input encoding file 
)

LaTeX Warning: File `calc1.JPG' not found on input line 410.

File: calc1.JPG Graphic file (type eps)
<calc1.JPG> [17
Non-PDF special ignored!]
Underfull \hbox (badness 1472) in paragraph at lines 434--438
[]\OT1/cmr/m/n/12 A in-ter-face fun-ci-ona da se-guinte forma: o usu?`$[]$rio
 pode en-trar
 []


Underfull \hbox (badness 1158) in paragraph at lines 451--454
[]\OT1/cmr/m/n/12 Para que n?`$[]$o haja ca-sos de en-trada de n?`$[]$meros
, ope-ra-do-res,
 []

(C:\Users\Leonardo\Documents\GitRepository\noaccent.def
File: noaccent.def 2003/11/25 v0.1 Input encoding file 
) [18] [19]
(C:\Users\Leonardo\Documents\GitRepository\noaccent.def
File: noaccent.def 2003/11/25 v0.1 Input encoding file 
)
Underfull \hbox (badness 1028) in paragraph at lines 528--533
[]\OT1/cmr/m/n/12 Para so-lu-ci-o-nar es-ses pro-ble-mas, foi uti-li-zado o re-
curso de meta-
 []

[20] [21] [22]
Cap\'{\i }tulo 4.
(C:\Users\Leonardo\Documents\GitRepository\noaccent.def
File: noaccent.def 2003/11/25 v0.1 Input encoding file 
) [23

] [24]
Cap\'{\i }tulo 5.
(C:\Users\Leonardo\Documents\GitRepository\noaccent.def
File: noaccent.def 2003/11/25 v0.1 Input encoding file 
)

LaTeX Warning: Citation `OpenGl' on page 25 undefined on input line 686.

[25

] [26]
Cap\'{\i }tulo 6.
(C:\Users\Leonardo\Documents\GitRepository\noaccent.def
File: noaccent.def 2003/11/25 v0.1 Input encoding file 
)
(C:\Users\Leonardo\Documents\GitRepository\thesispucLeo.bbl
(C:\Users\Leonardo\Documents\GitRepository\thesispucLeo.brf)
\tf@brf=\write7
 [27

]
(C:\Users\Leonardo\Documents\GitRepository\noaccent.def
File: noaccent.def 2003/11/25 v0.1 Input encoding file 
)

LaTeX Warning: Empty `thebibliography' environment on input line 4.

) [28

]
Ap\^endice A.
(C:\Users\Leonardo\Documents\GitRepository\noaccent.def
File: noaccent.def 2003/11/25 v0.1 Input encoding file 
)
(C:\Users\Leonardo\Documents\GitRepository\noaccent.def
File: noaccent.def 2003/11/25 v0.1 Input encoding file 
)
(C:\Users\Leonardo\Documents\GitRepository\noaccent.def
File: noaccent.def 2003/11/25 v0.1 Input encoding file 
)
(C:\Users\Leonardo\Documents\GitRepository\noaccent.def
File: noaccent.def 2003/11/25 v0.1 Input encoding file 
) [29

]

LaTeX Warning: File `vis4.JPG' not found on input line 790.

File: vis4.JPG Graphic file (type eps)
<vis4.JPG> 
AED: lastpage setting LastPage
[30
Non-PDF special ignored!]
Package atveryend Info: Empty hook `BeforeClearDocument' on input line 797.
Package atveryend Info: Empty hook `AfterLastShipout' on input line 797.

(C:\Users\Leonardo\Documents\GitRepository\thesispucLeo.aux)
Package atveryend Info: Executing hook `AtVeryEndDocument' on input line 797.
Package atveryend Info: Executing hook `AtEndAfterFileList' on input line 797.
Package rerunfilecheck Info: File `thesispucLeo.out' has not changed.
(rerunfilecheck)             Checksum: ED6DBBD83044F626FAF70306A9AF2D91;1621.
Package rerunfilecheck Info: File `thesispucLeo.brf' has not changed.
(rerunfilecheck)             Checksum: 8A00D603675B251D4897CAE564929928;288.


LaTeX Warning: There were undefined references.

Package atveryend Info: Empty hook `AtVeryVeryEnd' on input line 797.
 ) 
Here is how much of TeX's memory you used:
 6218 strings out of 494045
 92366 string characters out of 3148378
 208210 words of memory out of 3000000
 9315 multiletter control sequences out of 15000+200000
 14518 words of font info for 56 fonts, out of 3000000 for 9000
 715 hyphenation exceptions out of 8191
 39i,12n,45p,977b,611s stack positions out of 5000i,500n,10000p,200000b,50000s
<C:/Program Files/MiKTeX 2.9/fonts/type1/public/amsfonts/cm/cmbx12.pfb><C:/Pr
ogram Files/MiKTeX 2.9/fonts/type1/public/amsfonts/cm/cmr10.pfb><C:/Program Fil
es/MiKTeX 2.9/fonts/type1/public/amsfonts/cm/cmr12.pfb><C:/Program Files/MiKTeX
 2.9/fonts/type1/public/amsfonts/cm/cmr7.pfb><C:/Program Files/MiKTeX 2.9/fonts
/type1/public/amsfonts/cm/cmr8.pfb><C:/Program Files/MiKTeX 2.9/fonts/type1/pub
lic/amsfonts/cm/cmss10.pfb><C:/Program Files/MiKTeX 2.9/fonts/type1/public/amsf
onts/cm/cmss12.pfb><C:/Program Files/MiKTeX 2.9/fonts/type1/public/amsfonts/cm/
cmssbx10.pfb><C:/Program Files/MiKTeX 2.9/fonts/type1/public/amsfonts/cm/cmssi1
2.pfb><C:/Program Files/MiKTeX 2.9/fonts/type1/public/amsfonts/cm/cmti12.pfb><C
:/Program Files/MiKTeX 2.9/fonts/type1/public/amsfonts/cm/cmtt12.pfb>
Output written on thesispucLeo.pdf (30 pages, 246806 bytes).
PDF statistics:
 304 PDF objects out of 1000 (max. 8388607)
 61 named destinations out of 1000 (max. 500000)
 161 words of extra memory for PDF output out of 10000 (max. 10000000)

