This is pdfTeX, Version 3.1415926-1.40.10 (TeX Live 2009) (format=latex 2009.11.7)  8 JUL 2010 20:42
entering extended mode
 Source specials enabled.
 %&-line parsing enabled.
**ThesisPUC.tex
(./ThesisPUC.tex
LaTeX2e <2009/09/24>
Babel <v3.8l> and hyphenation patterns for english, usenglishmax, dumylang, noh
yphenation, german-x-2009-06-19, ngerman-x-2009-06-19, ancientgreek, ibycus, ar
abic, basque, bulgarian, catalan, pinyin, coptic, croatian, czech, danish, dutc
h, esperanto, estonian, farsi, finnish, french, galician, german, ngerman, mono
greek, greek, hungarian, icelandic, indonesian, interlingua, irish, italian, ku
rmanji, latin, latvian, lithuanian, mongolian, mongolian2a, bokmal, nynorsk, po
lish, portuguese, romanian, russian, sanskrit, serbian, slovak, slovenian, span
ish, swedish, turkish, ukenglish, ukrainian, uppersorbian, welsh, loaded.
(/usr/local/texlive/2009/texmf-dist/tex/latex/base/article.cls
Document Class: article 2007/10/19 v1.4h Standard LaTeX document class
(/usr/local/texlive/2009/texmf-dist/tex/latex/base/size10.clo
File: size10.clo 2007/10/19 v1.4h Standard LaTeX file (size option)
)
\c@part=\count79
\c@section=\count80
\c@subsection=\count81
\c@subsubsection=\count82
\c@paragraph=\count83
\c@subparagraph=\count84
\c@figure=\count85
\c@table=\count86
\abovecaptionskip=\skip41
\belowcaptionskip=\skip42
\bibindent=\dimen102
)
(/usr/local/texlive/2009/texmf-dist/tex/generic/babel/babel.sty
Package: babel 2008/07/06 v3.8l The Babel package

(/usr/local/texlive/2009/texmf-dist/tex/generic/babel/portuges.ldf
Language: portuges 2008/03/18 v1.2q Portuguese support from the babel system

(/usr/local/texlive/2009/texmf-dist/tex/generic/babel/babel.def
File: babel.def 2008/07/06 v3.8l Babel common definitions
\babel@savecnt=\count87
\U@D=\dimen103
)
\l@brazil = a dialect from \language\l@portuges 
Package babel Info: Making " an active character on input line 145.
))
(/usr/local/texlive/2009/texmf-dist/tex/latex/tools/multicol.sty
Package: multicol 2008/12/05 v1.6h multicolumn formatting (FMi)
\c@tracingmulticols=\count88
\mult@box=\box26
\multicol@leftmargin=\dimen104
\c@unbalance=\count89
\c@collectmore=\count90
\doublecol@number=\count91
\multicoltolerance=\count92
\multicolpretolerance=\count93
\full@width=\dimen105
\page@free=\dimen106
\premulticols=\dimen107
\postmulticols=\dimen108
\multicolsep=\skip43
\multicolbaselineskip=\skip44
\partial@page=\box27
\last@line=\box28
\mult@rightbox=\box29
\mult@grightbox=\box30
\mult@gfirstbox=\box31
\mult@firstbox=\box32
\@tempa=\box33
\@tempa=\box34
\@tempa=\box35
\@tempa=\box36
\@tempa=\box37
\@tempa=\box38
\@tempa=\box39
\@tempa=\box40
\@tempa=\box41
\@tempa=\box42
\@tempa=\box43
\@tempa=\box44
\@tempa=\box45
\@tempa=\box46
\@tempa=\box47
\@tempa=\box48
\@tempa=\box49
\c@columnbadness=\count94
\c@finalcolumnbadness=\count95
\last@try=\dimen109
\multicolovershoot=\dimen110
\multicolundershoot=\dimen111
\mult@nat@firstbox=\box50
\colbreak@box=\box51
)
(/usr/local/texlive/2009/texmf-dist/tex/latex/base/makeidx.sty
Package: makeidx 2000/03/29 v1.0m Standard LaTeX package
)
(/usr/local/texlive/2009/texmf-dist/tex/latex/float/float.sty
Package: float 2001/11/08 v1.3d Float enhancements (AL)
\c@float@type=\count96
\float@exts=\toks14
\float@box=\box52
\@float@everytoks=\toks15
\@floatcapt=\box53
)
(/usr/local/texlive/2009/texmf-dist/tex/latex/tools/array.sty
Package: array 2008/09/09 v2.4c Tabular extension package (FMi)
\col@sep=\dimen112
\extrarowheight=\dimen113
\NC@list=\toks16
\extratabsurround=\skip45
\backup@length=\skip46
)
(/usr/local/texlive/2009/texmf-dist/tex/latex/ltxmisc/boxedminipage.sty)
(/usr/local/texlive/2009/texmf-dist/tex/latex/hyperref/hyperref.sty
Package: hyperref 2009/10/09 v6.79a Hypertext links for LaTeX

(./keyval.sty
Package: keyval 1999/03/16 v1.13 key=value parser (DPC)
\KV@toks@=\toks17
)
(/usr/local/texlive/2009/texmf-dist/tex/generic/oberdiek/ifpdf.sty
Package: ifpdf 2009/04/10 v2.0 Provides the ifpdf switch (HO)
Package ifpdf Info: pdfTeX in pdf mode not detected.
)
(/usr/local/texlive/2009/texmf-dist/tex/generic/oberdiek/ifvtex.sty
Package: ifvtex 2008/11/04 v1.4 Switches for detecting VTeX and its modes (HO)
Package ifvtex Info: VTeX not detected.
)
(/usr/local/texlive/2009/texmf-dist/tex/generic/ifxetex/ifxetex.sty
Package: ifxetex 2009/01/23 v0.5 Provides ifxetex conditional
)
(/usr/local/texlive/2009/texmf-dist/tex/latex/oberdiek/hycolor.sty
Package: hycolor 2009/10/02 v1.5 Code for color options of hyperref/bookmark (H
O)

(/usr/local/texlive/2009/texmf-dist/tex/latex/oberdiek/xcolor-patch.sty
Package: xcolor-patch 2009/10/02 xcolor patch
))
\@linkdim=\dimen114
\Hy@linkcounter=\count97
\Hy@pagecounter=\count98

(/usr/local/texlive/2009/texmf-dist/tex/latex/hyperref/pd1enc.def
File: pd1enc.def 2009/10/09 v6.79a Hyperref: PDFDocEncoding definition (HO)
)
(/usr/local/texlive/2009/texmf-dist/tex/generic/oberdiek/etexcmds.sty
Package: etexcmds 2007/12/12 v1.2 Prefix for e-TeX command names (HO)

(/usr/local/texlive/2009/texmf-dist/tex/generic/oberdiek/infwarerr.sty
Package: infwarerr 2007/09/09 v1.2 Providing info/warning/message (HO)
)
Package etexcmds Info: Could not find \expanded.
(etexcmds)             That can mean that you are not using pdfTeX 1.50 or
(etexcmds)             that some package has redefined \expanded.
(etexcmds)             In the latter case, load this package earlier.
)
(/usr/local/texlive/2009/texmf-dist/tex/latex/latexconfig/hyperref.cfg
File: hyperref.cfg 2002/06/06 v1.2 hyperref configuration of TeXLive
)
(/usr/local/texlive/2009/texmf-dist/tex/latex/oberdiek/kvoptions.sty
Package: kvoptions 2009/08/13 v3.4 Keyval support for LaTeX options (HO)

(/usr/local/texlive/2009/texmf-dist/tex/generic/oberdiek/kvsetkeys.sty
Package: kvsetkeys 2009/07/30 v1.5 Key value parser with default handler suppor
t (HO)
))
Package hyperref Info: Hyper figures OFF on input line 2975.
Package hyperref Info: Link nesting OFF on input line 2980.
Package hyperref Info: Hyper index ON on input line 2983.
Package hyperref Info: Plain pages OFF on input line 2990.
Package hyperref Info: Backreferencing OFF on input line 2995.

Implicit mode ON; LaTeX internals redefined
Package hyperref Info: Bookmarks ON on input line 3191.
(/usr/local/texlive/2009/texmf-dist/tex/latex/ltxmisc/url.sty
\Urlmuskip=\muskip10
Package: url 2006/04/12  ver 3.3  Verb mode for urls, etc.
)
LaTeX Info: Redefining \url on input line 3428.

(/usr/local/texlive/2009/texmf-dist/tex/generic/oberdiek/bitset.sty
Package: bitset 2007/09/28 v1.0 Data type bit set (HO)

(/usr/local/texlive/2009/texmf-dist/tex/generic/oberdiek/intcalc.sty
Package: intcalc 2007/09/27 v1.1 Expandable integer calculations (HO)
)
(/usr/local/texlive/2009/texmf-dist/tex/generic/oberdiek/bigintcalc.sty
Package: bigintcalc 2007/11/11 v1.1 Expandable big integer calculations (HO)

(/usr/local/texlive/2009/texmf-dist/tex/generic/oberdiek/pdftexcmds.sty
Package: pdftexcmds 2009/09/23 v0.6 LuaTeX support for pdfTeX utility functions
 (HO)

(/usr/local/texlive/2009/texmf-dist/tex/generic/oberdiek/ifluatex.sty
Package: ifluatex 2009/04/17 v1.2 Provides the ifluatex switch (HO)
Package ifluatex Info: LuaTeX not detected.
)
(/usr/local/texlive/2009/texmf-dist/tex/generic/oberdiek/ltxcmds.sty
Package: ltxcmds 2009/08/05 v1.0 Some LaTeX kernel commands for general use (HO
)
)
Package pdftexcmds Info: LuaTeX not detected.
Package pdftexcmds Info: \pdf@primitive is available.
Package pdftexcmds Info: \pdf@ifprimitive is available.
)))
\Fld@menulength=\count99
\Field@Width=\dimen115
\Fld@charsize=\dimen116
\Field@toks=\toks18
Package hyperref Info: Hyper figures OFF on input line 4377.
Package hyperref Info: Link nesting OFF on input line 4382.
Package hyperref Info: Hyper index ON on input line 4385.
Package hyperref Info: backreferencing OFF on input line 4392.
Package hyperref Info: Link coloring OFF on input line 4397.
Package hyperref Info: Link coloring with OCG OFF on input line 4402.
Package hyperref Info: PDF/A mode OFF on input line 4407.

(/usr/local/texlive/2009/texmf-dist/tex/generic/oberdiek/atbegshi.sty
Package: atbegshi 2008/07/31 v1.9 At begin shipout hook (HO)
)
\Hy@abspage=\count100
\c@Item=\count101
\c@Hfootnote=\count102
)
*hyperref using driver hdvipdfm*
(/usr/local/texlive/2009/texmf-dist/tex/latex/hyperref/hdvipdfm.def
File: hdvipdfm.def 2009/10/09 v6.79a Hyperref driver for dvipdfm
\pdfm@box=\box54
\c@Hy@AnnotLevel=\count103
\HyField@AnnotCount=\count104
\Fld@listcount=\count105
)
\@indexfile=\write3
\openout3 = `ThesisPUC.idx'.


Writing index file ThesisPUC.idx
\@float@every@figure=\toks19
(./ThesisPUC.aux)
\openout1 = `ThesisPUC.aux'.

LaTeX Font Info:    Checking defaults for OML/cmm/m/it on input line 38.
LaTeX Font Info:    ... okay on input line 38.
LaTeX Font Info:    Checking defaults for T1/cmr/m/n on input line 38.
LaTeX Font Info:    ... okay on input line 38.
LaTeX Font Info:    Checking defaults for OT1/cmr/m/n on input line 38.
LaTeX Font Info:    ... okay on input line 38.
LaTeX Font Info:    Checking defaults for OMS/cmsy/m/n on input line 38.
LaTeX Font Info:    ... okay on input line 38.
LaTeX Font Info:    Checking defaults for OMX/cmex/m/n on input line 38.
LaTeX Font Info:    ... okay on input line 38.
LaTeX Font Info:    Checking defaults for U/cmr/m/n on input line 38.
LaTeX Font Info:    ... okay on input line 38.
LaTeX Font Info:    Checking defaults for PD1/pdf/m/n on input line 38.
LaTeX Font Info:    ... okay on input line 38.
Package hyperref Info: Link coloring OFF on input line 38.
 (./nameref.sty
Package: nameref 2001/01/27 v2.19 Cross-referencing by name of section
\c@section@level=\count106
)
LaTeX Info: Redefining \ref on input line 38.
LaTeX Info: Redefining \pageref on input line 38.
 (./ThesisPUC.out) (./ThesisPUC.out)
\@outlinefile=\write4
\openout4 = `ThesisPUC.out'.

\AtBeginShipoutBox=\box55
LaTeX Font Info:    External font `cmex10' loaded for size
(Font)              <17.28> on input line 40.
LaTeX Font Info:    External font `cmex10' loaded for size
(Font)              <12> on input line 40.
LaTeX Font Info:    External font `cmex10' loaded for size
(Font)              <8> on input line 40.
LaTeX Font Info:    External font `cmex10' loaded for size
(Font)              <6> on input line 40.
LaTeX Font Info:    External font `cmex10' loaded for size
(Font)              <9> on input line 41.
LaTeX Font Info:    External font `cmex10' loaded for size
(Font)              <5> on input line 41.

(./ThesisPUC.toc
LaTeX Font Info:    External font `cmex10' loaded for size
(Font)              <7> on input line 2.
)
\tf@toc=\write5
\openout5 = `ThesisPUC.toc'.

 [1

]
Underfull \hbox (badness 3058) in paragraph at lines 54--55
\OT1/cmr/m/n/10 existe uma in-trodu^^Xc~ao bas-tante com-pleta em por-tugu^es: 
[]CTAN:/tex-
 []

[2]
Underfull \hbox (badness 4899) in paragraph at lines 69--70
[][]\OT1/cmr/m/n/10 Para usar este pa-cote num do-cu-mento [], co-lo-que os ar-
qui-
 []


Underfull \hbox (badness 10000) in paragraph at lines 69--70
\OT1/cmr/m/n/10 vos []\OT1/cmtt/m/n/10 atbeginend.sty\OT1/cmr/m/n/10 , []\OT1/c
mtt/m/n/10 chngpage.sty\OT1/cmr/m/n/10 , []\OT1/cmtt/m/n/10 fancyhdr.sty\OT1/cm
r/m/n/10 , []\OT1/cmtt/m/n/10 hyperref.sty\OT1/cmr/m/n/10 ,
 []


Underfull \hbox (badness 2205) in paragraph at lines 69--70
[]\OT1/cmtt/m/n/10 noaccent.def\OT1/cmr/m/n/10 , []\OT1/cmtt/m/n/10 pd1enc.def\
OT1/cmr/m/n/10 , []\OT1/cmtt/m/n/10 ttlkeys.def\OT1/cmr/m/n/10 , []\OT1/cmtt/m/
n/10 ttlps.def \OT1/cmr/m/n/10 numa pasta onde
 []


Overfull \hbox (38.24666pt too wide) in paragraph at lines 100--100
[]\OT1/cmtt/m/n/10 \universidade{Pontif\'{i}cia Universidade Cat\'{o}lica do Ri
o de Janeiro}[] 
 []

[3]
Overfull \hbox (74.99634pt too wide) in paragraph at lines 185--185
[]\OT1/cmtt/m/n/10 %%%%%%%%%%%%%%%%%%%%%%%%%%%%%%%%%%%%%%%%%%%%%%%%%%%%%%%%%%%%
%%%%%%%%%%%%%%%%%%%%[] 
 []


Overfull \hbox (43.49661pt too wide) in paragraph at lines 185--185
[]\OT1/cmtt/m/n/10 Graduou--se em Engenharia na Ecole Polytechnique (Paris, Fra
n\c{c}a), ...}[] 
 []


Overfull \hbox (74.99634pt too wide) in paragraph at lines 185--185
[]\OT1/cmtt/m/n/10 %%%%%%%%%%%%%%%%%%%%%%%%%%%%%%%%%%%%%%%%%%%%%%%%%%%%%%%%%%%%
%%%%%%%%%%%%%%%%%%%%[] 
 []


Overfull \hbox (74.99634pt too wide) in paragraph at lines 185--185
[]\OT1/cmtt/m/n/10 %%%%%%%%%%%%%%%%%%%%%%%%%%%%%%%%%%%%%%%%%%%%%%%%%%%%%%%%%%%%
%%%%%%%%%%%%%%%%%%%%[] 
 []


Overfull \hbox (80.24629pt too wide) in paragraph at lines 185--185
[]  \OT1/cmtt/m/n/10 A teoria de Morse \'{e} considerada uma ferramenta matem\'
{a}tica importante em[] 
 []


Overfull \hbox (80.24629pt too wide) in paragraph at lines 185--185
[]  \OT1/cmtt/m/n/10 aplica\c{c}\~{o}es nas \'{a}reas de topologia computaciona
l, computa\c{c}\~{a}o[] 
 []


Overfull \hbox (74.99634pt too wide) in paragraph at lines 185--185
[]\OT1/cmtt/m/n/10 %%%%%%%%%%%%%%%%%%%%%%%%%%%%%%%%%%%%%%%%%%%%%%%%%%%%%%%%%%%%
%%%%%%%%%%%%%%%%%%%%[] 
 []

[4]
Overfull \hbox (22.4968pt too wide) in paragraph at lines 185--185
[]  \OT1/cmtt/m/n/10 Morse theory has been considered a powerful tool in its ap
plications[] 
 []


Overfull \hbox (38.24666pt too wide) in paragraph at lines 185--185
[]  \OT1/cmtt/m/n/10 to computational topology, computer graphics and geometric
 modeling....[] 
 []


Overfull \hbox (74.99634pt too wide) in paragraph at lines 185--185
[]\OT1/cmtt/m/n/10 %%%%%%%%%%%%%%%%%%%%%%%%%%%%%%%%%%%%%%%%%%%%%%%%%%%%%%%%%%%%
%%%%%%%%%%%%%%%%%%%%[] 
 []


Overfull \hbox (74.99634pt too wide) in paragraph at lines 185--185
[]\OT1/cmtt/m/n/10 %%%%%%%%%%%%%%%%%%%%%%%%%%%%%%%%%%%%%%%%%%%%%%%%%%%%%%%%%%%%
%%%%%%%%%%%%%%%%%%%%[] 
 []


Overfull \hbox (74.99634pt too wide) in paragraph at lines 185--185
[]  \OT1/cmtt/m/n/10 C'est seulement apr\`{e}s de nombreuses ann\'{e}es d'un tr
avail patient, d'une[] 
 []


Overfull \hbox (74.99634pt too wide) in paragraph at lines 185--185
[]  \OT1/cmtt/m/n/10 r\'{e}flexion intense, d'essais nombreux et prudents o\`{u
} je d\'{e}veloppais[] 
 []


Overfull \hbox (48.74657pt too wide) in paragraph at lines 185--185
[]  \OT1/cmtt/m/n/10 toujours plus la capacit\'{e} de vivre purement, abstraite
ment les formes[] 
 []


Overfull \hbox (48.74657pt too wide) in paragraph at lines 185--185
[]  \OT1/cmtt/m/n/10 picturales et de m'absorber toujours plus pro\-fon\-d\'{e}
\-ment dans ces[] 
 []


Overfull \hbox (43.49661pt too wide) in paragraph at lines 185--185
[]  \OT1/cmtt/m/n/10 profondeurs insondables, que j'arrivais \`{a} ces formes p
icturales avec[] 
 []


Overfull \hbox (69.74638pt too wide) in paragraph at lines 185--185
[]  \OT1/cmtt/m/n/10 lesquelles je travaille aujourd'hui et qui, comme je l'esp
\`{e}re et le veux,[] 
 []

[5]
Underfull \hbox (badness 10000) in paragraph at lines 215--218

 []


Underfull \hbox (badness 10000) in paragraph at lines 219--223

 []


Underfull \hbox (badness 1168) in paragraph at lines 224--227
[] \OT1/cmtt/m/n/10 \coorientadorIIR   \OT1/cmr/m/n/10 ou [] \OT1/cmtt/m/n/10 \
coadvisorIIR   \OT1/cmr/m/n/10 : O nome com-pleto do
 []


Underfull \hbox (badness 10000) in paragraph at lines 224--227

 []


Underfull \hbox (badness 1168) in paragraph at lines 228--231
[][] \OT1/cmtt/m/n/10 \coorientadorIII   \OT1/cmr/m/n/10 ou [] \OT1/cmtt/m/n/10
 \coadvisorIII   \OT1/cmr/m/n/10 : O nome com-pleto do
 []


Underfull \hbox (badness 10000) in paragraph at lines 228--231

 []

[6] [7] [8] (./ThesisPUC.ind [9] [10

] [11

]) (./ThesisPUC.aux) ) 
Here is how much of TeX's memory you used:
 3976 strings out of 493849
 58379 string characters out of 3149230
 131241 words of memory out of 3000000
 7208 multiletter control sequences out of 15000+200000
 10963 words of font info for 39 fonts, out of 3000000 for 9000
 714 hyphenation exceptions out of 8191
 38i,8n,39p,850b,428s stack positions out of 5000i,500n,10000p,200000b,50000s

Output written on ThesisPUC.dvi (11 pages, 49688 bytes).
